n/1666019339812.jpg
n/1666019339813.jpg
n/1666019339814.jpg
n/1666019339815.jpg
n/tierra-arada-y-sembrada-en-un-campo-del-marrón-139629936.jpg
n/1666019339800.jpg
n/1666019339801.jpg
n/1666019339802.jpg
n/1666019339803.jpg
n/plantaSana10.jpg
n/1666019339804.jpg
n/1666019339805.jpg
n/1666019339806.jpg
n/1666019339807.jpg
n/plantaSana3.jpg
n/1666019339796.jpg
n/1666019339797.jpg
n/1666019339798.jpg
n/1666019339799.jpg
n/plantaSana1.jpg
n/1666019339792.jpg
n/1666019339793.jpg
n/1666019339794.jpg
n/1666019339795.jpg
n/plant2aSana.jpg
n/1666019339788.jpg
n/1666019339789.jpg
n/1666019339790.jpg
n/1666019339791.jpg
n/images2.jpg
n/1666019339784.jpg
n/1666019339785.jpg
n/1666019339786.jpg
n/1666019339787.jpg
n/grandes-hojas-sanas-del-árbol-bajo-alta-ampliación-fondo-verde-con-vegetación-en-enfoque-suave-194890236.jpg
n/160820113529.jpg
n/1666019339776.jpg
n/1666019339777.jpg
n/1666019339778.jpg
n/1666019339779.jpg
n/1666019339780.jpg
n/1666019339781.jpg
n/1666019339782.jpg
n/1666019339783.jpg
n/2537391_0.jpg
n/1666019339808.jpg
n/1666019339809.jpg
n/1666019339810.jpg
n/1666019339811.jpg
n/plantaSana7.jpg